<?xml version="1.0" encoding="UTF-8" ?>
<!--
  ~ Copyright 2011 SURFnet bv, The Netherlands
  ~
  ~ Licensed under the Apache License, Version 2.0 (the "License");
  ~ you may not use this file except in compliance with the License.
  ~ You may obtain a copy of the License at
  ~
  ~      http://www.apache.org/licenses/LICENSE-2.0
  ~
  ~ Unless required by applicable law or agreed to in writing, software
  ~ distributed under the License is distributed on an "AS IS" BASIS,
  ~ WITHOUT WARRANTIES OR CONDITIONS OF ANY KIND, either express or implied.
  ~ See the License for the specific language governing permissions and
  ~ limitations under the License.
  -->

<testsuite errors="0" failures="0" hostname="dhcp-62.surfnet.nl" name="com.portal_ui.DragDrop" tests="1" time="57.121" timestamp="2011-01-28T10:51:30">
  <properties>
    <property name="java.vendor" value="Apple Inc."></property>
    <property name="sun.java.launcher" value="SUN_STANDARD"></property>
    <property name="jikes.class.path" value=":/System/Library/Frameworks/JavaVM.framework/Home/../Classes/alt-rt.jar:/System/Library/Frameworks/JavaVM.framework/Home/../Classes/charsets.jar:/System/Library/Frameworks/JavaVM.framework/Home/../Classes/classes.jar:/System/Library/Frameworks/JavaVM.framework/Home/../Classes/dt.jar:/System/Library/Frameworks/JavaVM.framework/Home/../Classes/jce.jar:/System/Library/Frameworks/JavaVM.framework/Home/../Classes/jconsole.jar:/System/Library/Frameworks/JavaVM.framework/Home/../Classes/jsse.jar:/System/Library/Frameworks/JavaVM.framework/Home/../Classes/management-agent.jar:/System/Library/Frameworks/JavaVM.framework/Home/../Classes/ui.jar"></property>
    <property name="sun.management.compiler" value="HotSpot 64-Bit Server Compiler"></property>
    <property name="os.name" value="Mac OS X"></property>
    <property name="sun.boot.class.path" value="/System/Library/Java/JavaVirtualMachines/1.6.0.jdk/Contents/Classes/jsfd.jar:/System/Library/Java/JavaVirtualMachines/1.6.0.jdk/Contents/Classes/classes.jar:/System/Library/Frameworks/JavaVM.framework/Frameworks/JavaRuntimeSupport.framework/Resources/Java/JavaRuntimeSupport.jar:/System/Library/Java/JavaVirtualMachines/1.6.0.jdk/Contents/Classes/ui.jar:/System/Library/Java/JavaVirtualMachines/1.6.0.jdk/Contents/Classes/laf.jar:/System/Library/Java/JavaVirtualMachines/1.6.0.jdk/Contents/Classes/sunrsasign.jar:/System/Library/Java/JavaVirtualMachines/1.6.0.jdk/Contents/Classes/jsse.jar:/System/Library/Java/JavaVirtualMachines/1.6.0.jdk/Contents/Classes/jce.jar:/System/Library/Java/JavaVirtualMachines/1.6.0.jdk/Contents/Classes/charsets.jar"></property>
    <property name="env.TMPDIR" value="/var/folders/1P/1PjdQBD1HmKbqVI3QqJVB++++TI/-Tmp-/"></property>
    <property name="env.PWD" value="/Users/femke/documents/workspace/Test_UI"></property>
    <property name="java.vm.specification.vendor" value="Sun Microsystems Inc."></property>
    <property name="ant.home" value="/usr/share/ant"></property>
    <property name="java.runtime.version" value="1.6.0_22-b04-307-10M3261"></property>
    <property name="env.Apple_PubSub_Socket_Render" value="/tmp/launch-HtWElM/Render"></property>
    <property name="env.DISPLAY" value="/tmp/launch-F1NQsE/org.x:0"></property>
    <property name="user.name" value="femke"></property>
    <property name="env.USER" value="femke"></property>
    <property name="env.SHELL" value="/bin/bash"></property>
    <property name="env.__CF_USER_TEXT_ENCODING" value="0x1F5:0:0"></property>
    <property name="awt.nativeDoubleBuffering" value="true"></property>
    <property name="env.PATH" value="/usr/bin:/bin:/usr/sbin:/sbin:/usr/local/bin:/usr/X11/bin"></property>
    <property name="user.language" value="en"></property>
    <property name="sun.boot.library.path" value="/System/Library/Java/JavaVirtualMachines/1.6.0.jdk/Contents/Libraries"></property>
    <property name="ant.file.Test_UI" value="/Users/femke/Documents/workspace/Test_UI/build.xml"></property>
    <property name="ant.project.default-target" value="sendmail"></property>
    <property name="ant.project.name" value="Test_UI"></property>
    <property name="env.LC_CTYPE" value="UTF-8"></property>
    <property name="java.version" value="1.6.0_22"></property>
    <property name="user.timezone" value=""></property>
    <property name="sun.arch.data.model" value="64"></property>
    <property name="http.nonProxyHosts" value="local|*.local|169.254/16|*.169.254/16"></property>
    <property name="java.endorsed.dirs" value="/System/Library/Java/JavaVirtualMachines/1.6.0.jdk/Contents/Home/lib/endorsed"></property>
    <property name="sun.cpu.isalist" value=""></property>
    <property name="sun.jnu.encoding" value="MacRoman"></property>
    <property name="file.encoding.pkg" value="sun.io"></property>
    <property name="env.SHLVL" value="1"></property>
    <property name="file.separator" value="/"></property>
    <property name="java.specification.name" value="Java Platform API Specification"></property>
    <property name="java.class.version" value="50.0"></property>
    <property name="user.country" value="US"></property>
    <property name="java.home" value="/System/Library/Java/JavaVirtualMachines/1.6.0.jdk/Contents/Home"></property>
    <property name="java.vm.info" value="mixed mode"></property>
    <property name="env.LOGNAME" value="femke"></property>
    <property name="ant.file" value="/Users/femke/Documents/workspace/Test_UI/build.xml"></property>
    <property name="os.version" value="10.6.5"></property>
    <property name="env.TERM_PROGRAM_VERSION" value="273"></property>
    <property name="path.separator" value=":"></property>
    <property name="java.vm.version" value="17.1-b03-307"></property>
    <property name="ant.library.dir" value="/usr/share/ant/lib"></property>
    <property name="junit.output.dir" value="junit"></property>
    <property name="java.awt.printerjob" value="apple.awt.CPrinterJob"></property>
    <property name="env.TERM" value="xterm-color"></property>
    <property name="sun.io.unicode.encoding" value="UnicodeLittle"></property>
    <property name="awt.toolkit" value="apple.awt.CToolkit"></property>
    <property name="socksNonProxyHosts" value="local|*.local|169.254/16|*.169.254/16"></property>
    <property name="ftp.nonProxyHosts" value="local|*.local|169.254/16|*.169.254/16"></property>
    <property name="user.home" value="/Users/femke"></property>
    <property name="target" value="1.6"></property>
    <property name="java.specification.vendor" value="Sun Microsystems Inc."></property>
    <property name="env.TERM_PROGRAM" value="Apple_Terminal"></property>
    <property name="java.library.path" value=".:/Library/Java/Extensions:/System/Library/Java/Extensions:/usr/lib/java"></property>
    <property name="java.vendor.url" value="http://www.apple.com/"></property>
    <property name="java.vm.vendor" value="Apple Inc."></property>
    <property name="gopherProxySet" value="false"></property>
    <property name="java.runtime.name" value="Java(TM) SE Runtime Environment"></property>
    <property name="java.class.path" value="/Users/femke/Documents/workspace/Test_UI/bin:/Users/femke/Documents/workspace/Test_UI/lib/selenium-server.jar:/Users/femke/Documents/workspace/Test_UI/lib/selenium-java-client-driver.jar:/Users/femke/Documents/workspace/Test_UI/lib/junit.jar:/usr/share/java/ant-1.8.1/lib/ant-launcher.jar:/usr/share/ant/lib/ant.jar:/usr/share/ant/lib/ant-junit.jar"></property>
    <property name="ant.version" value="Apache Ant version 1.8.1 compiled on September 21 2010"></property>
    <property name="env.com.apple.java.jvmMode" value="client"></property>
    <property name="java.vm.specification.name" value="Java Virtual Machine Specification"></property>
    <property name="ant.file.type" value="file"></property>
    <property name="java.vm.specification.version" value="1.0"></property>
    <property name="sun.cpu.endian" value="little"></property>
    <property name="sun.os.patch.level" value="unknown"></property>
    <property name="env.HOME" value="/Users/femke"></property>
    <property name="debuglevel" value="source,lines,vars"></property>
    <property name="java.io.tmpdir" value="/var/folders/1P/1PjdQBD1HmKbqVI3QqJVB++++TI/-Tmp-/"></property>
    <property name="env.JAVA_MAIN_CLASS_1065" value="org.apache.tools.ant.launch.Launcher"></property>
    <property name="java.vendor.url.bug" value="http://bugreport.apple.com/"></property>
    <property name="env.SSH_AUTH_SOCK" value="/tmp/launch-HeNWH5/Listeners"></property>
    <property name="env.COMMAND_MODE" value="unix2003"></property>
    <property name="mrj.build" value="10M3261"></property>
    <property name="os.arch" value="x86_64"></property>
    <property name="java.awt.graphicsenv" value="apple.awt.CGraphicsEnvironment"></property>
    <property name="java.ext.dirs" value="/Library/Java/Extensions:/System/Library/Java/Extensions:/System/Library/Java/JavaVirtualMachines/1.6.0.jdk/Contents/Home/lib/ext"></property>
    <property name="mrj.version" value="1060.1.6.0_22-307"></property>
    <property name="user.dir" value="/Users/femke/Documents/workspace/Test_UI"></property>
    <property name="line.separator" value="
"></property>
    <property name="java.vm.name" value="Java HotSpot(TM) 64-Bit Server VM"></property>
    <property name="basedir" value="/Users/femke/Documents/workspace/Test_UI"></property>
    <property name="ant.java.version" value="1.6"></property>
    <property name="ant.core.lib" value="/usr/share/ant/lib/ant.jar"></property>
    <property name="source" value="1.6"></property>
    <property name="file.encoding" value="MacRoman"></property>
    <property name="ant.file.type.Test_UI" value="file"></property>
    <property name="java.specification.version" value="1.6"></property>
    <property name="ant.project.invoked-targets" value="sendmail"></property>
  </properties>
  <testcase classname="com.portal_ui.DragDrop" name="testDragDrop" time="56.95"></testcase>
  <system-out><![CDATA[]]></system-out>
  <system-err><![CDATA[]]></system-err>
</testsuite>
