<?xml version="1.0" encoding="UTF-8" ?>
<testsuite errors="0" failures="0" hostname="Nootbok" name="com.portal_ui.TestUserInfo" tests="1" time="21.244" timestamp="2011-08-15T13:27:02">
  <properties>
    <property name="java.vendor" value="Oracle Corporation"></property>
    <property name="env.MOZ_PLUGIN_PATH" value="/usr/lib/mozilla/plugins"></property>
    <property name="env.LESSOPEN" value="|/usr/bin/lesspipe.sh %s"></property>
    <property name="env.LESS_TERMCAP_ue" value="[0m"></property>
    <property name="sun.java.launcher" value="SUN_STANDARD"></property>
    <property name="sun.management.compiler" value="HotSpot 64-Bit Tiered Compilers"></property>
    <property name="env.PROMPT_COMMAND" value="printf &quot;\033]0;%s@%s:%s\007&quot; &quot;${USER}&quot; &quot;${HOSTNAME%%.*}&quot; &quot;${PWD/#$HOME/~}&quot; ; { [[ &quot;$AUTOJUMP_HOME&quot; == &quot;$HOME&quot; ]] &amp;&amp; (autojump -a &quot;$(pwd -P)&quot;&amp;)&gt;/dev/null 2&gt;&gt;${AUTOJUMP_DATA_DIR}/autojump_errors;} 2&gt;/dev/null"></property>
    <property name="env.COLORFGBG" value="default;default"></property>
    <property name="os.name" value="Linux"></property>
    <property name="sun.boot.class.path" value="/opt/java/jre/lib/resources.jar:/opt/java/jre/lib/rt.jar:/opt/java/jre/lib/sunrsasign.jar:/opt/java/jre/lib/jsse.jar:/opt/java/jre/lib/jce.jar:/opt/java/jre/lib/charsets.jar:/opt/java/jre/classes"></property>
    <property name="env.PWD" value="/home/ivo/code/java/workspaces/SURFspace/portal_test_surfconext"></property>
    <property name="env.XDG_SESSION_COOKIE" value="961405bb911a943a4fa9d4944bce41c6-1313393691.94674-1963837528"></property>
    <property name="env.LANG" value="en_US.UTF-8"></property>
    <property name="java.vm.specification.vendor" value="Oracle Corporation"></property>
    <property name="ant.home" value="/usr/share/java/apache-ant"></property>
    <property name="java.runtime.version" value="1.7.0-b147"></property>
    <property name="env.DISPLAY" value=":0.0"></property>
    <property name="user.name" value="ivo"></property>
    <property name="env.USER" value="ivo"></property>
    <property name="env.HISTCONTROL" value="ignorespace"></property>
    <property name="env.SHELL" value="/bin/bash"></property>
    <property name="env.XDG_DATA_DIRS" value="/usr/share/:/usr/local/share/:/opt/kde/share"></property>
    <property name="env.NLSPATH" value="/usr/dt/lib/nls/msg/%L/%N.cat"></property>
    <property name="ant.file.type.portal_test_surfconext" value="file"></property>
    <property name="env.PATH" value="/usr/local/bin:/usr/bin:/bin:/usr/local/sbin:/usr/sbin:/sbin:/usr/share/java/apache-ant/bin:/opt/java/bin:/opt/java/db/bin:/opt/java/jre/bin:/opt/kde/bin:/usr/bin/vendor_perl:/usr/bin/core_perl:/opt/qt/bin"></property>
    <property name="user.language" value="en"></property>
    <property name="sun.boot.library.path" value="/opt/java/jre/lib/amd64"></property>
    <property name="ant.project.default-target" value="sendmail"></property>
    <property name="ant.project.name" value="portal_test_surfconext"></property>
    <property name="java.version" value="1.7.0"></property>
    <property name="env.LESS_TERMCAP_so" value="[1;47;30m"></property>
    <property name="user.timezone" value=""></property>
    <property name="env.DBUS_SESSION_BUS_ADDRESS" value="unix:abstract=/tmp/dbus-E1D3eo228B,guid=381919bc96962fe9a1580c3300000020"></property>
    <property name="sun.arch.data.model" value="64"></property>
    <property name="env.LESS_TERMCAP_me" value="[0m"></property>
    <property name="env.SSH_AGENT_PID" value="1655"></property>
    <property name="env.LESS_TERMCAP_md" value="[1;37m"></property>
    <property name="java.endorsed.dirs" value="/opt/java/jre/lib/endorsed"></property>
    <property name="env.LESS_TERMCAP_mb" value="[1;37m"></property>
    <property name="env.DERBY_HOME" value="/opt/java/db"></property>
    <property name="sun.cpu.isalist" value=""></property>
    <property name="sun.jnu.encoding" value="UTF-8"></property>
    <property name="file.encoding.pkg" value="sun.io"></property>
    <property name="env.SHLVL" value="2"></property>
    <property name="env.LESS_TERMCAP_se" value="[0m"></property>
    <property name="file.separator" value="/"></property>
    <property name="java.specification.name" value="Java Platform API Specification"></property>
    <property name="src.tests" value="src"></property>
    <property name="env.QTDIR" value="/opt/qt"></property>
    <property name="java.class.version" value="51.0"></property>
    <property name="env.MPD_HOST" value="zombro.nl"></property>
    <property name="user.country" value="US"></property>
    <property name="java.home" value="/opt/java/jre"></property>
    <property name="env.TERMINFO" value="/usr/share/terminfo"></property>
    <property name="java.vm.info" value="mixed mode"></property>
    <property name="env.LOGNAME" value="ivo"></property>
    <property name="env.PYTHONSTARTUP" value="/home/ivo/.pythonrc.py"></property>
    <property name="ant.file" value="/home/ivo/code/java/workspaces/SURFspace/portal_test_surfconext/build.xml"></property>
    <property name="os.version" value="3.0-ARCH"></property>
    <property name="env.G_BROKEN_FILENAMES" value="1"></property>
    <property name="path.separator" value=":"></property>
    <property name="java.vm.version" value="21.0-b17"></property>
    <property name="ant.library.dir" value="/usr/share/java/apache-ant/lib"></property>
    <property name="junit.output.dir" value="junit"></property>
    <property name="env.JAVA_HOME" value="/opt/java"></property>
    <property name="java.awt.printerjob" value="sun.print.PSPrinterJob"></property>
    <property name="env.TERM" value="rxvt-unicode-256color"></property>
    <property name="sun.io.unicode.encoding" value="UnicodeLittle"></property>
    <property name="env.QT_XFT" value="true"></property>
    <property name="awt.toolkit" value="sun.awt.X11.XToolkit"></property>
    <property name="user.home" value="/home/ivo"></property>
    <property name="target" value="1.6"></property>
    <property name="java.specification.vendor" value="Oracle Corporation"></property>
    <property name="env.HG" value="/usr/bin/hg"></property>
    <property name="env.PAGER" value="less"></property>
    <property name="env.WINDOWID" value="18874391"></property>
    <property name="java.vendor.url" value="http://java.oracle.com/"></property>
    <property name="java.library.path" value="/usr/java/packages/lib/amd64:/usr/lib64:/lib64:/lib:/usr/lib"></property>
    <property name="java.vm.vendor" value="Oracle Corporation"></property>
    <property name="java.runtime.name" value="Java(TM) SE Runtime Environment"></property>
    <property name="ant.version" value="Apache Ant(TM) version 1.8.2 compiled on December 20 2010"></property>
    <property name="java.class.path" value="/home/ivo/code/java/workspaces/SURFspace/portal_test_surfconext/bin:/home/ivo/code/java/workspaces/SURFspace/portal_test_surfconext/lib/junit.jar:/home/ivo/code/java/workspaces/SURFspace/portal_test_surfconext/lib/selenium-java-client-driver.jar:/home/ivo/code/java/workspaces/SURFspace/portal_test_surfconext/lib/selenium-server.jar:/home/ivo/code/java/workspaces/SURFspace/portal_test_surfconext/lib/activation.jar:/home/ivo/code/java/workspaces/SURFspace/portal_test_surfconext/lib/mail.jar:/home/ivo/code/java/workspaces/SURFspace/portal_test_surfconext/lib/selenium-server-standalone-2.0b3.jar:/usr/share/java/apache-ant/lib/junit.jar:/usr/share/java/apache-ant/lib/ant-launcher.jar:/usr/share/java/apache-ant/lib/ant.jar:/usr/share/java/apache-ant/lib/ant-junit.jar:/usr/share/java/apache-ant/lib/ant-junit4.jar"></property>
    <property name="sun.java.command" value="org.apache.tools.ant.taskdefs.optional.junit.JUnitTestRunner com.portal_ui.TestUserInfo filtertrace=true haltOnError=false haltOnFailure=false formatter=org.apache.tools.ant.taskdefs.optional.junit.OutErrSummaryJUnitResultFormatter showoutput=false outputtoformatters=true logfailedtests=true logtestlistenerevents=false formatter=org.apache.tools.ant.taskdefs.optional.junit.XMLJUnitResultFormatter,/home/ivo/code/java/workspaces/SURFspace/portal_test_surfconext/junit/TEST-com.portal_ui.TestUserInfo.xml crashfile=/home/ivo/code/java/workspaces/SURFspace/portal_test_surfconext/junitvmwatcher8969082543489183667.properties propsfile=/home/ivo/code/java/workspaces/SURFspace/portal_test_surfconext/junit6445803149798589608.properties"></property>
    <property name="env.XFILESEARCHPATH" value="/usr/dt/app-defaults/%L/Dt"></property>
    <property name="java.vm.specification.name" value="Java Virtual Machine Specification"></property>
    <property name="ant.file.type" value="file"></property>
    <property name="env.AUTOJUMP_DATA_DIR" value="/home/ivo/.local/share/autojump"></property>
    <property name="java.vm.specification.version" value="1.7"></property>
    <property name="sun.os.patch.level" value="unknown"></property>
    <property name="sun.cpu.endian" value="little"></property>
    <property name="debuglevel" value="source,lines,vars"></property>
    <property name="env.HOME" value="/home/ivo"></property>
    <property name="env.ANT_HOME" value="/usr/share/java/apache-ant"></property>
    <property name="java.io.tmpdir" value="/tmp"></property>
    <property name="java.vendor.url.bug" value="http://bugreport.sun.com/bugreport/"></property>
    <property name="env.SSH_AUTH_SOCK" value="/tmp/ssh-mfkGtxye1654/agent.1654"></property>
    <property name="env.XDG_CONFIG_HOME" value="/home/ivo/.config"></property>
    <property name="java.awt.graphicsenv" value="sun.awt.X11GraphicsEnvironment"></property>
    <property name="os.arch" value="amd64"></property>
    <property name="java.ext.dirs" value="/opt/java/jre/lib/ext:/usr/java/packages/lib/ext"></property>
    <property name="env.XAUTHORITY" value="/home/ivo/.Xauthority"></property>
    <property name="user.dir" value="/home/ivo/code/java/workspaces/SURFspace/portal_test_surfconext"></property>
    <property name="env.GTK_MODULES" value="canberra-gtk-module"></property>
    <property name="env.J2SDKDIR" value="/opt/java"></property>
    <property name="line.separator" value="
"></property>
    <property name="java.vm.name" value="Java HotSpot(TM) 64-Bit Server VM"></property>
    <property name="env.COLORTERM" value="rxvt-xpm"></property>
    <property name="env.EDITOR" value="vim"></property>
    <property name="basedir" value="/home/ivo/code/java/workspaces/SURFspace/portal_test_surfconext"></property>
    <property name="ant.java.version" value="1.7"></property>
    <property name="ant.core.lib" value="/usr/share/java/apache-ant/lib/ant.jar"></property>
    <property name="source" value="1.6"></property>
    <property name="env.XDG_CACHE_HOME" value="/home/ivo/.cache"></property>
    <property name="file.encoding" value="UTF-8"></property>
    <property name="env.MAIL" value="/var/mail/ivo"></property>
    <property name="env.PKG_CONFIG_PATH" value=":/opt/qt/lib/pkgconfig"></property>
    <property name="ant.file.portal_test_surfconext" value="/home/ivo/code/java/workspaces/SURFspace/portal_test_surfconext/build.xml"></property>
    <property name="env.LESS_TERMCAP_us" value="[0;36m"></property>
    <property name="java.specification.version" value="1.7"></property>
    <property name="ant.project.invoked-targets" value="sendmail"></property>
    <property name="env.XDG_CONFIG_DIRS" value="/etc/xdg"></property>
    <property name="env.AUTOJUMP_HOME" value="/home/ivo"></property>
    <property name="env.XDG_DATA_HOME" value="/home/ivo/.local/share"></property>
  </properties>
  <testcase classname="com.portal_ui.TestUserInfo" name="testSignIn" time="20.957"></testcase>
  <system-out><![CDATA[]]></system-out>
  <system-err><![CDATA[]]></system-err>
</testsuite>
