<?xml version="1.0" encoding="UTF-8" ?>
<testsuite errors="0" failures="0" hostname="surfnet-PC" name="com.portal_ui.Delete_information" tests="1" time="16.533" timestamp="2011-08-15T14:36:16">
  <properties>
    <property name="java.vendor" value="Sun Microsystems Inc."></property>
    <property name="sun.java.launcher" value="SUN_STANDARD"></property>
    <property name="sun.management.compiler" value="HotSpot Client Compiler"></property>
    <property name="env.PROMPT" value="$P$G"></property>
    <property name="os.name" value="Windows 7"></property>
    <property name="env.FP_NO_HOST_CHECK" value="NO"></property>
    <property name="sun.boot.class.path" value="C:\Program Files\Java\jdk1.6.0_26\jre\lib\resources.jar;C:\Program Files\Java\jdk1.6.0_26\jre\lib\rt.jar;C:\Program Files\Java\jdk1.6.0_26\jre\lib\sunrsasign.jar;C:\Program Files\Java\jdk1.6.0_26\jre\lib\jsse.jar;C:\Program Files\Java\jdk1.6.0_26\jre\lib\jce.jar;C:\Program Files\Java\jdk1.6.0_26\jre\lib\charsets.jar;C:\Program Files\Java\jdk1.6.0_26\jre\lib\modules\jdk.boot.jar;C:\Program Files\Java\jdk1.6.0_26\jre\classes"></property>
    <property name="env.COMPUTERNAME" value="SURFNET-PC"></property>
    <property name="env.ALLUSERSPROFILE" value="C:\ProgramData"></property>
    <property name="sun.desktop" value="windows"></property>
    <property name="java.vm.specification.vendor" value="Sun Microsystems Inc."></property>
    <property name="ant.home" value="C:\ant"></property>
    <property name="java.runtime.version" value="1.6.0_26-b03"></property>
    <property name="env.HOMEPATH" value="\Users\surfnet"></property>
    <property name="user.name" value="surfnet"></property>
    <property name="user.language" value="en"></property>
    <property name="env.windows_tracing_flags" value="3"></property>
    <property name="sun.boot.library.path" value="C:\Program Files\Java\jdk1.6.0_26\jre\bin"></property>
    <property name="ant.file.Test_UI" value="C:\Selenium\Workspace\profile_test_surfconext\build.xml"></property>
    <property name="ant.project.default-target" value="sendmail"></property>
    <property name="ant.project.name" value="Test_UI"></property>
    <property name="java.version" value="1.6.0_26"></property>
    <property name="env.PROCESSOR_IDENTIFIER" value="x86 Family 6 Model 23 Stepping 10, GenuineIntel"></property>
    <property name="user.timezone" value=""></property>
    <property name="env.CLIENTNAME" value="SURFNET-PC"></property>
    <property name="env.TEMP" value="C:\Users\surfnet\AppData\Local\Temp"></property>
    <property name="sun.arch.data.model" value="32"></property>
    <property name="java.endorsed.dirs" value="C:\Program Files\Java\jdk1.6.0_26\jre\lib\endorsed"></property>
    <property name="env._JAVACMD" value="C:\Program Files\Java\jdk1.6.0_26\bin\java.exe"></property>
    <property name="sun.cpu.isalist" value="pentium_pro+mmx pentium_pro pentium+mmx pentium i486 i386 i86"></property>
    <property name="env.HOMEDRIVE" value="C:"></property>
    <property name="sun.jnu.encoding" value="Cp1252"></property>
    <property name="file.encoding.pkg" value="sun.io"></property>
    <property name="file.separator" value="\"></property>
    <property name="java.specification.name" value="Java Platform API Specification"></property>
    <property name="java.class.version" value="50.0"></property>
    <property name="user.country" value="US"></property>
    <property name="java.home" value="C:\Program Files\Java\jdk1.6.0_26\jre"></property>
    <property name="env.PSModulePath" value="C:\Windows\system32\WindowsPowerShell\v1.0\Modules\"></property>
    <property name="env.APPDATA" value="C:\Users\surfnet\AppData\Roaming"></property>
    <property name="env.PUBLIC" value="C:\Users\Public"></property>
    <property name="env.windows_tracing_logfile" value="C:\BVTBin\Tests\installpackage\csilogfile.log"></property>
    <property name="java.vm.info" value="mixed mode, sharing"></property>
    <property name="env.ComSpec" value="C:\Windows\system32\cmd.exe"></property>
    <property name="env.OS" value="Windows_NT"></property>
    <property name="env.CommonProgramFiles" value="C:\Program Files\Common Files"></property>
    <property name="ant.file" value="C:\Selenium\Workspace\profile_test_surfconext\build.xml"></property>
    <property name="os.version" value="6.1"></property>
    <property name="env._USE_CLASSPATH" value="no"></property>
    <property name="env.=::" value="::\"></property>
    <property name="path.separator" value=";"></property>
    <property name="java.vm.version" value="20.1-b02"></property>
    <property name="user.variant" value=""></property>
    <property name="env.USERPROFILE" value="C:\Users\surfnet"></property>
    <property name="ant.library.dir" value="C:\ant\lib"></property>
    <property name="junit.output.dir" value="junit"></property>
    <property name="env.JAVA_HOME" value="C:\Program Files\Java\jdk1.6.0_26"></property>
    <property name="java.awt.printerjob" value="sun.awt.windows.WPrinterJob"></property>
    <property name="env.TMP" value="C:\Users\surfnet\AppData\Local\Temp"></property>
    <property name="sun.io.unicode.encoding" value="UnicodeLittle"></property>
    <property name="awt.toolkit" value="sun.awt.windows.WToolkit"></property>
    <property name="user.home" value="C:\Users\surfnet"></property>
    <property name="target" value="1.6"></property>
    <property name="env.ProgramData" value="C:\ProgramData"></property>
    <property name="env.SESSIONNAME" value="RDP-Tcp#0"></property>
    <property name="java.specification.vendor" value="Sun Microsystems Inc."></property>
    <property name="env.NUMBER_OF_PROCESSORS" value="2"></property>
    <property name="java.library.path" value="C:\Program Files\Java\jdk1.6.0_26\jre\bin;C:\Windows\Sun\Java\bin;C:\Windows\system32;C:\Windows;C:\Windows\system32;C:\Windows;C:\Windows\System32\Wbem;C:\Windows\System32\WindowsPowerShell\v1.0\;C:\ant/bin;;."></property>
    <property name="java.vendor.url" value="http://java.sun.com/"></property>
    <property name="java.vm.vendor" value="Sun Microsystems Inc."></property>
    <property name="java.runtime.name" value="Java(TM) SE Runtime Environment"></property>
    <property name="java.class.path" value="C:\Selenium\Workspace\profile_test_surfconext\bin;C:\Selenium\Workspace\profile_test_surfconext\lib\selenium-server.jar;C:\Selenium\Workspace\profile_test_surfconext\lib\selenium-java-client-driver.jar;C:\Selenium\Workspace\profile_test_surfconext\lib\junit.jar;C:\ant\lib\junit-4.8.1.jar;C:\ant\lib\ant-launcher.jar;C:\ant\lib\ant.jar;C:\ant\lib\ant-junit.jar;C:\ant\lib\ant-junit4.jar"></property>
    <property name="sun.java.command" value="org.apache.tools.ant.taskdefs.optional.junit.JUnitTestRunner com.portal_ui.Delete_information filtertrace=true haltOnError=false haltOnFailure=false formatter=org.apache.tools.ant.taskdefs.optional.junit.OutErrSummaryJUnitResultFormatter showoutput=false outputtoformatters=true logfailedtests=true logtestlistenerevents=false formatter=org.apache.tools.ant.taskdefs.optional.junit.PlainJUnitResultFormatter,C:\Selenium\Workspace\profile_test_surfconext\junit\TEST-com.portal_ui.Delete_information.txt formatter=org.apache.tools.ant.taskdefs.optional.junit.XMLJUnitResultFormatter,C:\Selenium\Workspace\profile_test_surfconext\junit\TEST-com.portal_ui.Delete_information.xml crashfile=C:\Selenium\Workspace\profile_test_surfconext\junitvmwatcher4746155580625941583.properties propsfile=C:\Selenium\Workspace\profile_test_surfconext\junit8083101463569006512.properties"></property>
    <property name="ant.version" value="Apache Ant(TM) version 1.8.2 compiled on December 20 2010"></property>
    <property name="java.vm.specification.name" value="Java Virtual Machine Specification"></property>
    <property name="ant.file.type" value="file"></property>
    <property name="env.windir" value="C:\Windows"></property>
    <property name="env.LOGONSERVER" value="\\SURFNET-PC"></property>
    <property name="env.PROCESSOR_ARCHITECTURE" value="x86"></property>
    <property name="java.vm.specification.version" value="1.0"></property>
    <property name="sun.os.patch.level" value="Service Pack 1"></property>
    <property name="sun.cpu.endian" value="little"></property>
    <property name="debuglevel" value="source,lines,vars"></property>
    <property name="env.ProgramFiles" value="C:\Program Files"></property>
    <property name="env.ANT_HOME" value="C:\ant"></property>
    <property name="java.io.tmpdir" value="C:\Users\surfnet\AppData\Local\Temp\"></property>
    <property name="env.PROCESSOR_REVISION" value="170a"></property>
    <property name="java.vendor.url.bug" value="http://java.sun.com/cgi-bin/bugreport.cgi"></property>
    <property name="env.SystemRoot" value="C:\Windows"></property>
    <property name="os.arch" value="x86"></property>
    <property name="java.awt.graphicsenv" value="sun.awt.Win32GraphicsEnvironment"></property>
    <property name="java.ext.dirs" value="C:\Program Files\Java\jdk1.6.0_26\jre\lib\ext;C:\Windows\Sun\Java\lib\ext"></property>
    <property name="user.dir" value="C:\Selenium\Workspace\profile_test_surfconext"></property>
    <property name="env.LOCALAPPDATA" value="C:\Users\surfnet\AppData\Local"></property>
    <property name="line.separator" value="
"></property>
    <property name="java.vm.name" value="Java HotSpot(TM) Client VM"></property>
    <property name="env.PATHEXT" value=".COM;.EXE;.BAT;.CMD;.VBS;.VBE;.JS;.JSE;.WSF;.WSH;.MSC"></property>
    <property name="env.Path" value="C:\Windows\system32;C:\Windows;C:\Windows\System32\Wbem;C:\Windows\System32\WindowsPowerShell\v1.0\;C:\ant/bin;"></property>
    <property name="basedir" value="C:\Selenium\Workspace\profile_test_surfconext"></property>
    <property name="ant.java.version" value="1.6"></property>
    <property name="ant.core.lib" value="C:\ant\lib\ant.jar"></property>
    <property name="env.USERNAME" value="surfnet"></property>
    <property name="source" value="1.6"></property>
    <property name="env.SystemDrive" value="C:"></property>
    <property name="file.encoding" value="Cp1252"></property>
    <property name="ant.file.type.Test_UI" value="file"></property>
    <property name="env.USERDOMAIN" value="surfnet-PC"></property>
    <property name="java.specification.version" value="1.6"></property>
    <property name="env.=C:" value="C:\Selenium\Workspace\profile_test_surfconext"></property>
    <property name="ant.project.invoked-targets" value="sendmail"></property>
    <property name="env.PROCESSOR_LEVEL" value="6"></property>
  </properties>
  <testcase classname="com.portal_ui.Delete_information" name="testDelete" time="16.392"></testcase>
  <system-out><![CDATA[]]></system-out>
  <system-err><![CDATA[]]></system-err>
</testsuite>
