<?xml version="1.0" encoding="UTF-8" ?>
<!--
  ~ Copyright 2011 SURFnet bv, The Netherlands
  ~
  ~ Licensed under the Apache License, Version 2.0 (the "License");
  ~ you may not use this file except in compliance with the License.
  ~ You may obtain a copy of the License at
  ~
  ~      http://www.apache.org/licenses/LICENSE-2.0
  ~
  ~ Unless required by applicable law or agreed to in writing, software
  ~ distributed under the License is distributed on an "AS IS" BASIS,
  ~ WITHOUT WARRANTIES OR CONDITIONS OF ANY KIND, either express or implied.
  ~ See the License for the specific language governing permissions and
  ~ limitations under the License.
  -->

<testsuite errors="0" failures="0" hostname="dhcp-62.surfnet.nl" name="com.portal_ui.TopMenu" tests="1" time="20.178" timestamp="2011-01-19T14:54:24">
  <properties>
    <property name="java.vendor" value="Apple Inc."></property>
    <property name="sun.java.launcher" value="SUN_STANDARD"></property>
    <property name="eclipse.pdebuild.templates" value="/Applications/eclipse/plugins/org.eclipse.pde.build_3.6.0.v20100603/templates//"></property>
    <property name="sun.management.compiler" value="HotSpot 64-Bit Server Compiler"></property>
    <property name="env.JAVA_STARTED_ON_FIRST_THREAD_2849" value="1"></property>
    <property name="os.name" value="Mac OS X"></property>
    <property name="sun.boot.class.path" value="/System/Library/Java/JavaVirtualMachines/1.6.0.jdk/Contents/Classes/jsfd.jar:/System/Library/Java/JavaVirtualMachines/1.6.0.jdk/Contents/Classes/classes.jar:/System/Library/Frameworks/JavaVM.framework/Frameworks/JavaRuntimeSupport.framework/Resources/Java/JavaRuntimeSupport.jar:/System/Library/Java/JavaVirtualMachines/1.6.0.jdk/Contents/Classes/ui.jar:/System/Library/Java/JavaVirtualMachines/1.6.0.jdk/Contents/Classes/laf.jar:/System/Library/Java/JavaVirtualMachines/1.6.0.jdk/Contents/Classes/sunrsasign.jar:/System/Library/Java/JavaVirtualMachines/1.6.0.jdk/Contents/Classes/jsse.jar:/System/Library/Java/JavaVirtualMachines/1.6.0.jdk/Contents/Classes/jce.jar:/System/Library/Java/JavaVirtualMachines/1.6.0.jdk/Contents/Classes/charsets.jar"></property>
    <property name="env.TMPDIR" value="/var/folders/1P/1PjdQBD1HmKbqVI3QqJVB++++TI/-Tmp-/"></property>
    <property name="java.vm.specification.vendor" value="Sun Microsystems Inc."></property>
    <property name="ant.home" value="/Applications/eclipse/plugins/org.apache.ant_1.7.1.v20100518-1145"></property>
    <property name="env.JAVA_MAIN_CLASS_7999" value="org.eclipse.ant.internal.launching.remote.InternalAntRunner"></property>
    <property name="java.runtime.version" value="1.6.0_22-b04-307-10M3261"></property>
    <property name="env.Apple_PubSub_Socket_Render" value="/tmp/launch-sbhpRO/Render"></property>
    <property name="env.DISPLAY" value="/tmp/launch-m9Sqfd/org.x:0"></property>
    <property name="user.name" value="femke"></property>
    <property name="env.USER" value="femke"></property>
    <property name="env.SHELL" value="/bin/bash"></property>
    <property name="env.__CF_USER_TEXT_ENCODING" value="0x1F5:0:0"></property>
    <property name="awt.nativeDoubleBuffering" value="true"></property>
    <property name="env.PATH" value="/usr/bin:/bin:/usr/sbin:/sbin"></property>
    <property name="user.language" value="en"></property>
    <property name="sun.boot.library.path" value="/System/Library/Java/JavaVirtualMachines/1.6.0.jdk/Contents/Libraries"></property>
    <property name="ant.file.Test_UI" value="/Users/femke/Documents/workspace/Test_UI/build.xml"></property>
    <property name="ant.project.name" value="Test_UI"></property>
    <property name="java.version" value="1.6.0_22"></property>
    <property name="user.timezone" value=""></property>
    <property name="sun.arch.data.model" value="64"></property>
    <property name="http.nonProxyHosts" value="local|*.local|169.254/16|*.169.254/16"></property>
    <property name="java.endorsed.dirs" value="/System/Library/Java/JavaVirtualMachines/1.6.0.jdk/Contents/Home/lib/endorsed"></property>
    <property name="env.JAVA_STARTED_ON_FIRST_THREAD_7999" value="1"></property>
    <property name="sun.cpu.isalist" value=""></property>
    <property name="sun.jnu.encoding" value="MacRoman"></property>
    <property name="file.encoding.pkg" value="sun.io"></property>
    <property name="ECLIPSE_HOME" value="../../../../../Applications/eclipse"></property>
    <property name="file.separator" value="/"></property>
    <property name="env.APP_ICON_2849" value="../Resources/Eclipse.icns"></property>
    <property name="java.specification.name" value="Java Platform API Specification"></property>
    <property name="java.class.version" value="50.0"></property>
    <property name="user.country" value="US"></property>
    <property name="java.home" value="/System/Library/Java/JavaVirtualMachines/1.6.0.jdk/Contents/Home"></property>
    <property name="java.vm.info" value="mixed mode"></property>
    <property name="env.LOGNAME" value="femke"></property>
    <property name="ant.file" value="/Users/femke/Documents/workspace/Test_UI/build.xml"></property>
    <property name="os.version" value="10.6.5"></property>
    <property name="path.separator" value=":"></property>
    <property name="java.vm.version" value="17.1-b03-307"></property>
    <property name="ant.library.dir" value="/Applications/eclipse/plugins/org.apache.ant_1.7.1.v20100518-1145/lib"></property>
    <property name="junit.output.dir" value="report"></property>
    <property name="java.awt.printerjob" value="apple.awt.CPrinterJob"></property>
    <property name="sun.io.unicode.encoding" value="UnicodeLittle"></property>
    <property name="awt.toolkit" value="apple.awt.CToolkit"></property>
    <property name="socksNonProxyHosts" value="local|*.local|169.254/16|*.169.254/16"></property>
    <property name="ftp.nonProxyHosts" value="local|*.local|169.254/16|*.169.254/16"></property>
    <property name="eclipse.pdebuild.scripts" value="/Applications/eclipse/plugins/org.eclipse.pde.build_3.6.0.v20100603/scripts//"></property>
    <property name="user.home" value="/Users/femke"></property>
    <property name="target" value="1.6"></property>
    <property name="java.specification.vendor" value="Sun Microsystems Inc."></property>
    <property name="java.library.path" value=".:/Library/Java/Extensions:/System/Library/Java/Extensions:/usr/lib/java"></property>
    <property name="java.vendor.url" value="http://www.apple.com/"></property>
    <property name="java.vm.vendor" value="Apple Inc."></property>
    <property name="gopherProxySet" value="false"></property>
    <property name="java.runtime.name" value="Java(TM) SE Runtime Environment"></property>
    <property name="java.class.path" value="/Users/femke/Documents/workspace/Test_UI/bin:/Users/femke/Documents/workspace/Test_UI/lib/selenium-server.jar:/Users/femke/Documents/workspace/Test_UI/lib/selenium-java-client-driver.jar:/Applications/eclipse/plugins/org.junit_3.8.2.v3_8_2_v20100427-1100/junit.jar:/Applications/eclipse/plugins/org.apache.ant_1.7.1.v20100518-1145/lib/ant-launcher.jar:/Applications/eclipse/plugins/org.apache.ant_1.7.1.v20100518-1145/lib/ant.jar:/Applications/eclipse/plugins/org.apache.ant_1.7.1.v20100518-1145/lib/ant-junit.jar"></property>
    <property name="ant.version" value="Apache Ant version 1.7.1 compiled on June 27 2008"></property>
    <property name="env.com.apple.java.jvmMode" value="client"></property>
    <property name="java.vm.specification.name" value="Java Virtual Machine Specification"></property>
    <property name="java.vm.specification.version" value="1.0"></property>
    <property name="sun.cpu.endian" value="little"></property>
    <property name="sun.os.patch.level" value="unknown"></property>
    <property name="debuglevel" value="source,lines,vars"></property>
    <property name="env.HOME" value="/Users/femke"></property>
    <property name="env.ANT_HOME" value="/Applications/eclipse/plugins/org.apache.ant_1.7.1.v20100518-1145"></property>
    <property name="eclipse.pdebuild.home" value="/Applications/eclipse/plugins/org.eclipse.pde.build_3.6.0.v20100603/.//"></property>
    <property name="java.io.tmpdir" value="/var/folders/1P/1PjdQBD1HmKbqVI3QqJVB++++TI/-Tmp-/"></property>
    <property name="java.vendor.url.bug" value="http://bugreport.apple.com/"></property>
    <property name="env.SSH_AUTH_SOCK" value="/tmp/launch-Fp6y9l/Listeners"></property>
    <property name="env.COMMAND_MODE" value="unix2003"></property>
    <property name="mrj.build" value="10M3261"></property>
    <property name="os.arch" value="x86_64"></property>
    <property name="java.awt.graphicsenv" value="apple.awt.CGraphicsEnvironment"></property>
    <property name="java.ext.dirs" value="/Library/Java/Extensions:/System/Library/Java/Extensions:/System/Library/Java/JavaVirtualMachines/1.6.0.jdk/Contents/Home/lib/ext"></property>
    <property name="user.dir" value="/Users/femke/Documents/workspace/Test_UI"></property>
    <property name="mrj.version" value="1060.1.6.0_22-307"></property>
    <property name="line.separator" value="
"></property>
    <property name="java.vm.name" value="Java HotSpot(TM) 64-Bit Server VM"></property>
    <property name="org.apache.tools.ant.taskdefs.optional.junit.AggregateTransformer0" value="/var/folders/1P/1PjdQBD1HmKbqVI3QqJVB++++TI/-Tmp-/null812439123"></property>
    <property name="basedir" value="/Users/femke/Documents/workspace/Test_UI"></property>
    <property name="ant.java.version" value="1.6"></property>
    <property name="ant.core.lib" value="/Applications/eclipse/plugins/org.apache.ant_1.7.1.v20100518-1145/lib/ant.jar"></property>
    <property name="source" value="1.6"></property>
    <property name="file.encoding" value="MacRoman"></property>
    <property name="java.specification.version" value="1.6"></property>
  </properties>
  <testcase classname="com.portal_ui.TopMenu" name="testAddTab" time="19.994"></testcase>
  <system-out><![CDATA[]]></system-out>
  <system-err><![CDATA[]]></system-err>
</testsuite>
